{
  "RSpec": {
    "coverage": {
      "/Users/prakashsl/Documents/workspace/projects/city_vitality/City_Vitality_Rails/config/environment.rb": [
        null,
        1,
        null,
        null,
        1
      ],
      "/Users/prakashsl/Documents/workspace/projects/city_vitality/City_Vitality_Rails/config/application.rb": [
        1,
        null,
        1,
        1,
        null,
        null,
        null,
        1,
        null,
        1,
        1,
        null,
        null,
        null,
        null,
        null,
        null,
        null,
        null,
        null,
        null,
        null,
        null,
        null,
        1,
        1,
        null,
        null,
        1,
        null,
        null,
        1,
        null,
        null,
        1,
        null,
        null,
        null
      ],
      "/Users/prakashsl/Documents/workspace/projects/city_vitality/City_Vitality_Rails/config/boot.rb": [
        1,
        null,
        1
      ],
      "/Users/prakashsl/Documents/workspace/projects/city_vitality/City_Vitality_Rails/config/environments/test.rb": [
        1,
        null,
        null,
        null,
        null,
        null,
        null,
        1,
        null,
        null,
        null,
        null,
        1,
        null,
        null,
        1,
        1,
        null,
        null,
        1,
        1,
        null,
        null,
        1,
        null,
        null,
        1,
        null,
        null,
        null,
        null,
        1,
        null,
        null,
        1,
        null,
        null,
        1,
        null,
        null,
        null,
        null
      ],
      "/Users/prakashsl/Documents/workspace/projects/city_vitality/City_Vitality_Rails/config/initializers/01_config_center.rb": [
        1,
        1,
        null,
        1,
        1,
        null,
        0,
        null,
        0,
        null,
        0,
        null,
        null,
        null,
        null,
        1,
        1,
        null,
        null,
        0,
        null,
        0,
        null,
        0,
        null,
        null,
        null,
        null
      ],
      "/Users/prakashsl/Documents/workspace/projects/city_vitality/City_Vitality_Rails/config/initializers/assets.rb": [
        null,
        null,
        null,
        1,
        null,
        null,
        null,
        null,
        null,
        null,
        null
      ],
      "/Users/prakashsl/Documents/workspace/projects/city_vitality/City_Vitality_Rails/config/initializers/backtrace_silencers.rb": [
        null,
        null,
        null,
        null,
        null,
        null,
        null
      ],
      "/Users/prakashsl/Documents/workspace/projects/city_vitality/City_Vitality_Rails/config/initializers/carrier_wave.rb": [
        1,
        null,
        null,
        1,
        1,
        1,
        null,
        null,
        0,
        0,
        null,
        null,
        null,
        null,
        null,
        1,
        null,
        null,
        null,
        null,
        null,
        1,
        1,
        1,
        1,
        null
      ],
      "/Users/prakashsl/Documents/workspace/projects/city_vitality/City_Vitality_Rails/config/initializers/cookies_serializer.rb": [
        null,
        null,
        1
      ],
      "/Users/prakashsl/Documents/workspace/projects/city_vitality/City_Vitality_Rails/config/initializers/filter_parameter_logging.rb": [
        null,
        null,
        null,
        1
      ],
      "/Users/prakashsl/Documents/workspace/projects/city_vitality/City_Vitality_Rails/config/initializers/inflections.rb": [
        null,
        null,
        null,
        null,
        null,
        null,
        null,
        null,
        null,
        null,
        null,
        null,
        null,
        null,
        null,
        null
      ],
      "/Users/prakashsl/Documents/workspace/projects/city_vitality/City_Vitality_Rails/config/initializers/kaminari_config.rb": [
        1,
        1,
        null,
        null,
        null,
        null,
        null,
        null,
        null,
        null
      ],
      "/Users/prakashsl/Documents/workspace/projects/city_vitality/City_Vitality_Rails/config/initializers/mime_types.rb": [
        null,
        null,
        null,
        null
      ],
      "/Users/prakashsl/Documents/workspace/projects/city_vitality/City_Vitality_Rails/config/initializers/session_store.rb": [
        null,
        null,
        1
      ],
      "/Users/prakashsl/Documents/workspace/projects/city_vitality/City_Vitality_Rails/config/initializers/wrap_parameters.rb": [
        null,
        null,
        null,
        null,
        null,
        null,
        1,
        1,
        null,
        null,
        null,
        null,
        null,
        null
      ],
      "/Users/prakashsl/Documents/workspace/projects/city_vitality/City_Vitality_Rails/config/routes.rb": [
        1,
        null,
        1,
        null,
        1,
        null,
        1,
        null,
        1,
        null,
        1,
        null,
        1,
        null,
        1,
        1,
        1,
        1,
        1,
        1,
        1,
        1,
        1,
        1,
        1,
        1,
        null,
        null,
        1,
        1,
        1,
        1,
        1,
        1,
        null,
        null,
        null,
        null,
        null,
        null
      ],
      "/Users/prakashsl/Documents/workspace/projects/city_vitality/City_Vitality_Rails/app/helpers/application_helper.rb": [
        1,
        null
      ],
      "/Users/prakashsl/Documents/workspace/projects/city_vitality/City_Vitality_Rails/app/mailers/users_mailer.rb": [
        1,
        1,
        null,
        1,
        4,
        4,
        null,
        null,
        1,
        3,
        3,
        3,
        null,
        null,
        null
      ],
      "/Users/prakashsl/Documents/workspace/projects/city_vitality/City_Vitality_Rails/app/models/describe.rb": [
        1,
        96,
        null,
        1,
        1,
        1,
        1,
        1,
        1,
        1,
        1,
        null,
        null,
        1,
        null,
        null,
        1,
        1,
        1,
        1,
        null,
        null
      ],
      "/Users/prakashsl/Documents/workspace/projects/city_vitality/City_Vitality_Rails/app/uploaders/avatar_uploader.rb": [
        null,
        null,
        1,
        null,
        null,
        null,
        null,
        null,
        null,
        null,
        null,
        null,
        null,
        null,
        null,
        null,
        null,
        null,
        null,
        null,
        null,
        null,
        null,
        null,
        null,
        null,
        null,
        1,
        49,
        null,
        null,
        null,
        null,
        null,
        null,
        null,
        null,
        null,
        null,
        null,
        null,
        null,
        null,
        null,
        null,
        null,
        null,
        null,
        null,
        null,
        null,
        null,
        null,
        null,
        null,
        null,
        null,
        null,
        null,
        null,
        null,
        null,
        null,
        null,
        null,
        null,
        null,
        null,
        null,
        null,
        null,
        null,
        null,
        null,
        null,
        null,
        null
      ],
      "/Users/prakashsl/Documents/workspace/projects/city_vitality/City_Vitality_Rails/app/models/goal.rb": [
        1,
        null,
        null,
        1,
        1,
        null,
        null,
        1,
        null
      ],
      "/Users/prakashsl/Documents/workspace/projects/city_vitality/City_Vitality_Rails/app/models/need.rb": [
        1,
        1,
        1,
        1,
        null
      ],
      "/Users/prakashsl/Documents/workspace/projects/city_vitality/City_Vitality_Rails/app/models/pledge.rb": [
        1,
        1,
        1,
        null,
        null
      ],
      "/Users/prakashsl/Documents/workspace/projects/city_vitality/City_Vitality_Rails/app/models/task.rb": [
        1,
        null,
        null,
        1,
        1,
        null,
        null,
        1,
        null,
        null
      ],
      "/Users/prakashsl/Documents/workspace/projects/city_vitality/City_Vitality_Rails/app/models/task_suggestion.rb": [
        1,
        1,
        1,
        1,
        1,
        1,
        1,
        null
      ],
      "/Users/prakashsl/Documents/workspace/projects/city_vitality/City_Vitality_Rails/app/models/user.rb": [
        1,
        1,
        1,
        1,
        null,
        null,
        1,
        null,
        null,
        1,
        1,
        1,
        null,
        null,
        null,
        1,
        null,
        null,
        1,
        1,
        1,
        1,
        1,
        null,
        null,
        1,
        3,
        3,
        null,
        null,
        1,
        null,
        49,
        49,
        null,
        null,
        1,
        null,
        3,
        3,
        3,
        null,
        null,
        null,
        null
      ],
      "/Users/prakashsl/Documents/workspace/projects/city_vitality/City_Vitality_Rails/app/controllers/api/v1/authentications_controller.rb": [
        1,
        null,
        1,
        null,
        3,
        null,
        3,
        1,
        null,
        2,
        null,
        null,
        null,
        null,
        1,
        null,
        1,
        2,
        null,
        null
      ],
      "/Users/prakashsl/Documents/workspace/projects/city_vitality/City_Vitality_Rails/app/controllers/application_controller.rb": [
        1,
        1,
        null,
        null,
        1,
        null,
        1,
        1,
        null,
        null,
        1,
        1,
        null,
        null,
        1,
        1,
        67,
        null,
        null
      ],
      "/Users/prakashsl/Documents/workspace/projects/city_vitality/City_Vitality_Rails/app/controllers/api/v1/describes_controller.rb": [
        1,
        null,
        1,
        1,
        0,
        null,
        1,
        null,
        1,
        1,
        null,
        null,
        1,
        0,
        0,
        0,
        null,
        null,
        null,
        1,
        2,
        2,
        1,
        1,
        1,
        null,
        0,
        null,
        null,
        1,
        null,
        null,
        null,
        null,
        1,
        2,
        2,
        1,
        1,
        null,
        1,
        1,
        null,
        null,
        null,
        null,
        1,
        2,
        2,
        1,
        1,
        null,
        1,
        1,
        null,
        null,
        null,
        null,
        1,
        0,
        0,
        0,
        0,
        null,
        0,
        null,
        null,
        null,
        1,
        2,
        2,
        1,
        null,
        null,
        null,
        null,
        null,
        null,
        null,
        null,
        null,
        1,
        null,
        null,
        null,
        1,
        3,
        3,
        2,
        1,
        null,
        1,
        null,
        null,
        1,
        null,
        null,
        null,
        null,
        null,
        1,
        2,
        1,
        1,
        1,
        null,
        1,
        1,
        1,
        null,
        0,
        null,
        null,
        1,
        null,
        null,
        null,
        1,
        null,
        1,
        5,
        5,
        5,
        null,
        null,
        1,
        null,
        1,
        1,
        1,
        null,
        null,
        1,
        null,
        1,
        null,
        1,
        null,
        null,
        1,
        1,
        1,
        1,
        null,
        1,
        null,
        null,
        null,
        null,
        null,
        0,
        null,
        null,
        null,
        1,
        0,
        0,
        0,
        null,
        null,
        null,
        null,
        null
      ],
      "/Users/prakashsl/Documents/workspace/projects/city_vitality/City_Vitality_Rails/app/controllers/api/v1/forgot_password_controller.rb": [
        1,
        1,
        1,
        null,
        1,
        4,
        4,
        2,
        2,
        2,
        2,
        null,
        2,
        null,
        null,
        null,
        1,
        3,
        3,
        3,
        1,
        2,
        1,
        1,
        1,
        1,
        null,
        1,
        null,
        null,
        0,
        null,
        null,
        null,
        1,
        null,
        1,
        2,
        null,
        null,
        null,
        1,
        4,
        null,
        null,
        null,
        null
      ],
      "/Users/prakashsl/Documents/workspace/projects/city_vitality/City_Vitality_Rails/app/controllers/api/v1/goals_controller.rb": [
        1,
        null,
        1,
        1,
        1,
        1,
        null,
        null,
        1,
        2,
        2,
        2,
        2,
        1,
        1,
        null,
        1,
        null,
        null,
        0,
        null,
        null,
        null,
        1,
        2,
        2,
        2,
        1,
        null,
        1,
        null,
        null,
        null,
        1,
        1,
        1,
        1,
        1,
        1,
        1,
        null,
        0,
        null,
        null,
        0,
        null,
        null,
        0,
        null,
        null,
        null,
        null,
        1,
        2,
        2,
        2,
        2,
        1,
        null,
        1,
        null,
        null,
        0,
        null,
        null,
        null,
        1,
        null,
        1,
        6,
        null,
        0,
        null,
        null,
        null
      ],
      "/Users/prakashsl/Documents/workspace/projects/city_vitality/City_Vitality_Rails/app/controllers/api/v1/needs_controller.rb": [
        1,
        null,
        1,
        1,
        1,
        1,
        null,
        null,
        1,
        1,
        1,
        1,
        1,
        1,
        1,
        null,
        0,
        null,
        null,
        0,
        null,
        null,
        0,
        null,
        null,
        null,
        null,
        1,
        1,
        1,
        1,
        1,
        1,
        1,
        null,
        0,
        null,
        null,
        0,
        null,
        null,
        0,
        null,
        null,
        null,
        1,
        1,
        1,
        1,
        1,
        1,
        1,
        1,
        null,
        0,
        null,
        null,
        0,
        null,
        null,
        0,
        null,
        null,
        null,
        null,
        1,
        1,
        1,
        1,
        null,
        null,
        1,
        2,
        2,
        2,
        2,
        2,
        2,
        2,
        1,
        null,
        1,
        null,
        null,
        0,
        null,
        null,
        0,
        null,
        null,
        null,
        null,
        1,
        1,
        1,
        1,
        1,
        1,
        1,
        1,
        null,
        0,
        null,
        null,
        0,
        null,
        null,
        0,
        null,
        null,
        null,
        1,
        2,
        2,
        2,
        2,
        1,
        null,
        1,
        null,
        null,
        0,
        null,
        null,
        null,
        1,
        null,
        1,
        8,
        null,
        0,
        null,
        null
      ],
      "/Users/prakashsl/Documents/workspace/projects/city_vitality/City_Vitality_Rails/app/controllers/api/v1/pledges_controller.rb": [
        1,
        null,
        1,
        2,
        2,
        2,
        2,
        null,
        null,
        1,
        1,
        1,
        1,
        1,
        null,
        0,
        null,
        null,
        null,
        1,
        1,
        1,
        1,
        null,
        null,
        1,
        1,
        null,
        null,
        1,
        3,
        null,
        0,
        null,
        null
      ],
      "/Users/prakashsl/Documents/workspace/projects/city_vitality/City_Vitality_Rails/app/controllers/api/v1/suggestion_tasks_controller.rb": [
        1,
        null,
        1,
        2,
        2,
        2,
        2,
        1,
        1,
        null,
        1,
        null,
        null,
        null,
        null,
        1,
        1,
        1,
        1,
        null,
        null,
        1,
        0,
        0,
        0,
        0,
        0,
        0,
        0,
        null,
        0,
        null,
        null,
        0,
        null,
        null,
        0,
        null,
        null,
        null,
        1,
        2,
        2,
        1,
        1,
        1,
        null,
        0,
        null,
        null,
        1,
        null,
        null,
        null,
        1,
        2,
        2,
        1,
        1,
        null,
        1,
        1,
        null,
        null,
        null,
        1,
        null,
        1,
        4,
        null,
        0,
        null,
        null
      ],
      "/Users/prakashsl/Documents/workspace/projects/city_vitality/City_Vitality_Rails/app/controllers/api/v1/tasks_controller.rb": [
        1,
        null,
        1,
        1,
        1,
        1,
        1,
        1,
        null,
        null,
        1,
        1,
        null,
        1,
        3,
        null,
        null,
        1,
        null,
        1,
        3,
        3,
        0,
        0,
        null,
        null,
        null,
        null,
        null,
        null,
        1,
        2,
        2,
        2,
        2,
        2,
        2,
        1,
        1,
        null,
        1,
        null,
        null,
        0,
        null,
        null,
        0,
        null,
        null,
        null,
        1,
        2,
        2,
        2,
        2,
        2,
        1,
        null,
        1,
        null,
        null,
        0,
        null,
        null,
        null,
        null,
        1,
        1,
        1,
        1,
        1,
        1,
        1,
        1,
        null,
        0,
        null,
        null,
        0,
        null,
        null,
        0,
        null,
        null,
        null,
        1,
        2,
        2,
        2,
        2,
        1,
        null,
        1,
        null,
        null,
        0,
        null,
        null,
        null,
        null,
        1,
        null,
        1,
        6,
        null,
        0,
        null,
        null,
        null,
        null
      ],
      "/Users/prakashsl/Documents/workspace/projects/city_vitality/City_Vitality_Rails/app/controllers/api/v1/users_controller.rb": [
        1,
        null,
        1,
        2,
        1,
        1,
        1,
        1,
        null,
        0,
        null,
        null,
        1,
        null,
        null,
        null,
        1,
        null,
        1,
        3,
        null,
        null
      ],
      "/Users/prakashsl/Documents/workspace/projects/city_vitality/City_Vitality_Rails/app/models/like.rb": [
        1,
        null
      ],
      "/Users/prakashsl/Documents/workspace/projects/city_vitality/City_Vitality_Rails/app/models/follow.rb": [
        1,
        null
      ],
      "/Users/prakashsl/Documents/workspace/projects/city_vitality/City_Vitality_Rails/app/models/need_json_builder.rb": [
        1,
        1,
        1,
        1,
        1,
        1,
        null,
        null,
        1,
        1,
        1,
        3,
        null,
        1,
        null,
        null,
        1,
        3,
        3,
        3,
        3,
        null,
        null,
        null
      ]
    },
    "timestamp": 1461645838
  }
}
